<?xml version="1.0" encoding="UTF-8"?>
<!-- Generated by org.testng.reporters.JUnitReportReporter -->
<testsuite hostname="DESKTOP-FBDQ8OK" failures="0" tests="2" name="com.codebind.RESTAPITest" time="0.020" errors="0" timestamp="2020-12-02T12:26:13 IST" skipped="0">
  <testcase classname="com.codebind.RESTAPITest" name="deleteTwitter" time="0.016"/>
  <system-out/>
  <testcase classname="com.codebind.RESTAPITest" name="postJira" time="0.004"/>
  <system-out/>
</testsuite> <!-- com.codebind.RESTAPITest -->
